This file contains any messages produced by compilers while
running configure, to aid debugging if configure makes a mistake.

It was created by Cpp-testing configure 1, which was
generated by GNU Autoconf 2.69.  Invocation command line was

  $ ./configure 

## --------- ##
## Platform. ##
## --------- ##

hostname = malmz-thinkpad
uname -m = x86_64
uname -r = 4.8.1
uname -s = Linux
uname -v = #1 SMP Fri Oct 7 19:20:18 UTC 2016

/usr/bin/uname -p = unknown
/bin/uname -X     = unknown

/bin/arch              = x86_64
/usr/bin/arch -k       = unknown
/usr/convex/getsysinfo = unknown
/usr/bin/hostinfo      = unknown
/bin/machine           = unknown
/usr/bin/oslevel       = unknown
/bin/universe          = unknown

PATH: /usr/local/bin
PATH: /usr/local/sbin
PATH: /usr/bin
PATH: /bin


## ----------- ##
## Core tests. ##
## ----------- ##

configure:1884: checking for a BSD-compatible install
configure:1952: result: /usr/bin/install -c
configure:1963: checking whether build environment is sane
configure:2018: result: yes
configure:2169: checking for a thread-safe mkdir -p
configure:2208: result: /bin/mkdir -p
configure:2215: checking for gawk
configure:2231: found /usr/bin/gawk
configure:2242: result: gawk
configure:2253: checking whether make sets $(MAKE)
configure:2275: result: yes
configure:2304: checking whether make supports nested variables
configure:2321: result: yes
configure:2506: checking for g++
configure:2522: found /usr/bin/g++
configure:2533: result: g++
configure:2560: checking for C++ compiler version
configure:2569: g++ --version >&5
g++ (Solus) 6.2.0
Copyright (C) 2016 Free Software Foundation, Inc.
This is free software; see the source for copying conditions.  There is NO
warranty; not even for MERCHANTABILITY or FITNESS FOR A PARTICULAR PURPOSE.

configure:2580: $? = 0
configure:2569: g++ -v >&5
Using built-in specs.
COLLECT_GCC=g++
COLLECT_LTO_WRAPPER=/usr/lib64/gcc/x86_64-solus-linux/6.2.0/lto-wrapper
Target: x86_64-solus-linux
Configured with: ../gcc-6.2.0/configure --prefix=/usr --with-pkgversion=Solus --libdir=/usr/lib64 --libexecdir=/usr/lib64 --with-system-zlib --enable-shared --enable-threads=posix --enable-__cxa_atexit --enable-plugin --disable-gold --enable-ld=default --enable-clocale=gnu --enable-multilib --with-multilib-list=m32,m64 --enable-lto --with-bugurl=https://bugs.solus-project.com --with-arch_32=i686 --enable-linker-build-id --build=x86_64-solus-linux --target=x86_64-solus-linux --enable-languages=c,c++,fortran
Thread model: posix
gcc version 6.2.0 (Solus) 
configure:2580: $? = 0
configure:2569: g++ -V >&5
g++: error: unrecognized command line option '-V'
g++: fatal error: no input files
compilation terminated.
configure:2580: $? = 1
configure:2569: g++ -qversion >&5
g++: error: unrecognized command line option '-qversion'; did you mean '--version'?
g++: fatal error: no input files
compilation terminated.
configure:2580: $? = 1
configure:2600: checking whether the C++ compiler works
configure:2622: g++ -mtune=generic -march=x86-64 -ftree-vectorize -g2 -O2 -pipe -fPIC -Wformat -Wformat-security -fno-omit-frame-pointer -fstack-protector-strong --param ssp-buffer-size=4 -fexceptions -D_FORTIFY_SOURCE=2 -feliminate-unused-debug-types -Wno-error -Wp,-D_REENTRANT  -Wl,--copy-dt-needed-entries -Wl,-O1 -Wl,-z,relro -Wl,-z,now conftest.cpp  >&5
configure:2626: $? = 0
configure:2674: result: yes
configure:2677: checking for C++ compiler default output file name
configure:2679: result: a.out
configure:2685: checking for suffix of executables
configure:2692: g++ -o conftest -mtune=generic -march=x86-64 -ftree-vectorize -g2 -O2 -pipe -fPIC -Wformat -Wformat-security -fno-omit-frame-pointer -fstack-protector-strong --param ssp-buffer-size=4 -fexceptions -D_FORTIFY_SOURCE=2 -feliminate-unused-debug-types -Wno-error -Wp,-D_REENTRANT  -Wl,--copy-dt-needed-entries -Wl,-O1 -Wl,-z,relro -Wl,-z,now conftest.cpp  >&5
configure:2696: $? = 0
configure:2718: result: 
configure:2740: checking whether we are cross compiling
configure:2748: g++ -o conftest -mtune=generic -march=x86-64 -ftree-vectorize -g2 -O2 -pipe -fPIC -Wformat -Wformat-security -fno-omit-frame-pointer -fstack-protector-strong --param ssp-buffer-size=4 -fexceptions -D_FORTIFY_SOURCE=2 -feliminate-unused-debug-types -Wno-error -Wp,-D_REENTRANT  -Wl,--copy-dt-needed-entries -Wl,-O1 -Wl,-z,relro -Wl,-z,now conftest.cpp  >&5
configure:2752: $? = 0
configure:2759: ./conftest
configure:2763: $? = 0
configure:2778: result: no
configure:2783: checking for suffix of object files
configure:2805: g++ -c -mtune=generic -march=x86-64 -ftree-vectorize -g2 -O2 -pipe -fPIC -Wformat -Wformat-security -fno-omit-frame-pointer -fstack-protector-strong --param ssp-buffer-size=4 -fexceptions -D_FORTIFY_SOURCE=2 -feliminate-unused-debug-types -Wno-error -Wp,-D_REENTRANT  conftest.cpp >&5
configure:2809: $? = 0
configure:2830: result: o
configure:2834: checking whether we are using the GNU C++ compiler
configure:2853: g++ -c -mtune=generic -march=x86-64 -ftree-vectorize -g2 -O2 -pipe -fPIC -Wformat -Wformat-security -fno-omit-frame-pointer -fstack-protector-strong --param ssp-buffer-size=4 -fexceptions -D_FORTIFY_SOURCE=2 -feliminate-unused-debug-types -Wno-error -Wp,-D_REENTRANT  conftest.cpp >&5
configure:2853: $? = 0
configure:2862: result: yes
configure:2871: checking whether g++ accepts -g
configure:2891: g++ -c -g  conftest.cpp >&5
configure:2891: $? = 0
configure:2932: result: yes
configure:2966: checking for style of include used by make
configure:2994: result: GNU
configure:3020: checking dependency style of g++
configure:3131: result: gcc3
configure:3194: checking for gcc
configure:3210: found /usr/bin/gcc
configure:3221: result: gcc
configure:3450: checking for C compiler version
configure:3459: gcc --version >&5
gcc (Solus) 6.2.0
Copyright (C) 2016 Free Software Foundation, Inc.
This is free software; see the source for copying conditions.  There is NO
warranty; not even for MERCHANTABILITY or FITNESS FOR A PARTICULAR PURPOSE.

configure:3470: $? = 0
configure:3459: gcc -v >&5
Using built-in specs.
COLLECT_GCC=gcc
COLLECT_LTO_WRAPPER=/usr/lib64/gcc/x86_64-solus-linux/6.2.0/lto-wrapper
Target: x86_64-solus-linux
Configured with: ../gcc-6.2.0/configure --prefix=/usr --with-pkgversion=Solus --libdir=/usr/lib64 --libexecdir=/usr/lib64 --with-system-zlib --enable-shared --enable-threads=posix --enable-__cxa_atexit --enable-plugin --disable-gold --enable-ld=default --enable-clocale=gnu --enable-multilib --with-multilib-list=m32,m64 --enable-lto --with-bugurl=https://bugs.solus-project.com --with-arch_32=i686 --enable-linker-build-id --build=x86_64-solus-linux --target=x86_64-solus-linux --enable-languages=c,c++,fortran
Thread model: posix
gcc version 6.2.0 (Solus) 
configure:3470: $? = 0
configure:3459: gcc -V >&5
gcc: error: unrecognized command line option '-V'
gcc: fatal error: no input files
compilation terminated.
configure:3470: $? = 1
configure:3459: gcc -qversion >&5
gcc: error: unrecognized command line option '-qversion'; did you mean '--version'?
gcc: fatal error: no input files
compilation terminated.
configure:3470: $? = 1
configure:3474: checking whether we are using the GNU C compiler
configure:3493: gcc -c -mtune=generic -march=x86-64 -ftree-vectorize -g2 -O2 -pipe -fPIC -Wformat -Wformat-security -fno-omit-frame-pointer -fstack-protector-strong --param ssp-buffer-size=4 -fexceptions -D_FORTIFY_SOURCE=2 -feliminate-unused-debug-types -Wno-error -Wp,-D_REENTRANT  conftest.c >&5
configure:3493: $? = 0
configure:3502: result: yes
configure:3511: checking whether gcc accepts -g
configure:3531: gcc -c -g  conftest.c >&5
configure:3531: $? = 0
configure:3572: result: yes
configure:3589: checking for gcc option to accept ISO C89
configure:3652: gcc  -c -mtune=generic -march=x86-64 -ftree-vectorize -g2 -O2 -pipe -fPIC -Wformat -Wformat-security -fno-omit-frame-pointer -fstack-protector-strong --param ssp-buffer-size=4 -fexceptions -D_FORTIFY_SOURCE=2 -feliminate-unused-debug-types -Wno-error -Wp,-D_REENTRANT  conftest.c >&5
configure:3652: $? = 0
configure:3665: result: none needed
configure:3690: checking whether gcc understands -c and -o together
configure:3712: gcc -c conftest.c -o conftest2.o
configure:3715: $? = 0
configure:3712: gcc -c conftest.c -o conftest2.o
configure:3715: $? = 0
configure:3727: result: yes
configure:3746: checking dependency style of gcc
configure:3857: result: gcc3
configure:3992: checking that generated files are newer than configure
configure:3998: result: done
configure:4025: creating ./config.status

## ---------------------- ##
## Running config.status. ##
## ---------------------- ##

This file was extended by Cpp-testing config.status 1, which was
generated by GNU Autoconf 2.69.  Invocation command line was

  CONFIG_FILES    = 
  CONFIG_HEADERS  = 
  CONFIG_LINKS    = 
  CONFIG_COMMANDS = 
  $ ./config.status 

on malmz-thinkpad

config.status:848: creating Makefile
config.status:848: creating src/Makefile
config.status:848: creating config.h
config.status:1029: config.h is unchanged
config.status:1077: executing depfiles commands

## ---------------- ##
## Cache variables. ##
## ---------------- ##

ac_cv_c_compiler_gnu=yes
ac_cv_cxx_compiler_gnu=yes
ac_cv_env_CCC_set=
ac_cv_env_CCC_value=
ac_cv_env_CC_set=
ac_cv_env_CC_value=
ac_cv_env_CFLAGS_set=set
ac_cv_env_CFLAGS_value='-mtune=generic -march=x86-64 -ftree-vectorize -g2 -O2 -pipe -fPIC -Wformat -Wformat-security -fno-omit-frame-pointer -fstack-protector-strong --param ssp-buffer-size=4 -fexceptions -D_FORTIFY_SOURCE=2 -feliminate-unused-debug-types -Wno-error -Wp,-D_REENTRANT'
ac_cv_env_CPPFLAGS_set=
ac_cv_env_CPPFLAGS_value=
ac_cv_env_CXXFLAGS_set=set
ac_cv_env_CXXFLAGS_value='-mtune=generic -march=x86-64 -ftree-vectorize -g2 -O2 -pipe -fPIC -Wformat -Wformat-security -fno-omit-frame-pointer -fstack-protector-strong --param ssp-buffer-size=4 -fexceptions -D_FORTIFY_SOURCE=2 -feliminate-unused-debug-types -Wno-error -Wp,-D_REENTRANT'
ac_cv_env_CXX_set=
ac_cv_env_CXX_value=
ac_cv_env_LDFLAGS_set=set
ac_cv_env_LDFLAGS_value='-Wl,--copy-dt-needed-entries -Wl,-O1 -Wl,-z,relro -Wl,-z,now'
ac_cv_env_LIBS_set=
ac_cv_env_LIBS_value=
ac_cv_env_build_alias_set=
ac_cv_env_build_alias_value=
ac_cv_env_host_alias_set=
ac_cv_env_host_alias_value=
ac_cv_env_target_alias_set=
ac_cv_env_target_alias_value=
ac_cv_objext=o
ac_cv_path_install='/usr/bin/install -c'
ac_cv_path_mkdir=/bin/mkdir
ac_cv_prog_AWK=gawk
ac_cv_prog_ac_ct_CC=gcc
ac_cv_prog_ac_ct_CXX=g++
ac_cv_prog_cc_c89=
ac_cv_prog_cc_g=yes
ac_cv_prog_cxx_g=yes
ac_cv_prog_make_make_set=yes
am_cv_CC_dependencies_compiler_type=gcc3
am_cv_CXX_dependencies_compiler_type=gcc3
am_cv_make_support_nested_variables=yes
am_cv_prog_cc_c_o=yes

## ----------------- ##
## Output variables. ##
## ----------------- ##

ACLOCAL='${SHELL} /home/malmz/git/Atom/cpp-stuff/missing aclocal-1.14'
AMDEPBACKSLASH='\'
AMDEP_FALSE='#'
AMDEP_TRUE=''
AMTAR='$${TAR-tar}'
AM_BACKSLASH='\'
AM_DEFAULT_V='$(AM_DEFAULT_VERBOSITY)'
AM_DEFAULT_VERBOSITY='1'
AM_V='$(V)'
AUTOCONF='${SHELL} /home/malmz/git/Atom/cpp-stuff/missing autoconf'
AUTOHEADER='${SHELL} /home/malmz/git/Atom/cpp-stuff/missing autoheader'
AUTOMAKE='${SHELL} /home/malmz/git/Atom/cpp-stuff/missing automake-1.14'
AWK='gawk'
CC='gcc'
CCDEPMODE='depmode=gcc3'
CFLAGS='-mtune=generic -march=x86-64 -ftree-vectorize -g2 -O2 -pipe -fPIC -Wformat -Wformat-security -fno-omit-frame-pointer -fstack-protector-strong --param ssp-buffer-size=4 -fexceptions -D_FORTIFY_SOURCE=2 -feliminate-unused-debug-types -Wno-error -Wp,-D_REENTRANT'
CPPFLAGS=''
CXX='g++'
CXXDEPMODE='depmode=gcc3'
CXXFLAGS='-mtune=generic -march=x86-64 -ftree-vectorize -g2 -O2 -pipe -fPIC -Wformat -Wformat-security -fno-omit-frame-pointer -fstack-protector-strong --param ssp-buffer-size=4 -fexceptions -D_FORTIFY_SOURCE=2 -feliminate-unused-debug-types -Wno-error -Wp,-D_REENTRANT'
CYGPATH_W='echo'
DEFS='-DHAVE_CONFIG_H'
DEPDIR='.deps'
ECHO_C=''
ECHO_N='-n'
ECHO_T=''
EXEEXT=''
INSTALL_DATA='${INSTALL} -m 644'
INSTALL_PROGRAM='${INSTALL}'
INSTALL_SCRIPT='${INSTALL}'
INSTALL_STRIP_PROGRAM='$(install_sh) -c -s'
LDFLAGS='-Wl,--copy-dt-needed-entries -Wl,-O1 -Wl,-z,relro -Wl,-z,now'
LIBOBJS=''
LIBS=''
LTLIBOBJS=''
MAKEINFO='${SHELL} /home/malmz/git/Atom/cpp-stuff/missing makeinfo'
MKDIR_P='/bin/mkdir -p'
OBJEXT='o'
PACKAGE='cpp-testing'
PACKAGE_BUGREPORT='callem217@gmail.com'
PACKAGE_NAME='Cpp-testing'
PACKAGE_STRING='Cpp-testing 1'
PACKAGE_TARNAME='cpp-testing'
PACKAGE_URL=''
PACKAGE_VERSION='1'
PATH_SEPARATOR=':'
SET_MAKE=''
SHELL='/bin/sh'
STRIP=''
VERSION='1'
ac_ct_CC='gcc'
ac_ct_CXX='g++'
am__EXEEXT_FALSE=''
am__EXEEXT_TRUE='#'
am__fastdepCC_FALSE='#'
am__fastdepCC_TRUE=''
am__fastdepCXX_FALSE='#'
am__fastdepCXX_TRUE=''
am__include='include'
am__isrc=''
am__leading_dot='.'
am__nodep='_no'
am__quote=''
am__tar='$${TAR-tar} chof - "$$tardir"'
am__untar='$${TAR-tar} xf -'
bindir='${exec_prefix}/bin'
build_alias=''
datadir='${datarootdir}'
datarootdir='${prefix}/share'
docdir='${datarootdir}/doc/${PACKAGE_TARNAME}'
dvidir='${docdir}'
exec_prefix='${prefix}'
host_alias=''
htmldir='${docdir}'
includedir='${prefix}/include'
infodir='${datarootdir}/info'
install_sh='${SHELL} /home/malmz/git/Atom/cpp-stuff/install-sh'
libdir='${exec_prefix}/lib'
libexecdir='${exec_prefix}/libexec'
localedir='${datarootdir}/locale'
localstatedir='${prefix}/var'
mandir='${datarootdir}/man'
mkdir_p='$(MKDIR_P)'
oldincludedir='/usr/include'
pdfdir='${docdir}'
prefix='/usr/local'
program_transform_name='s,x,x,'
psdir='${docdir}'
sbindir='${exec_prefix}/sbin'
sharedstatedir='${prefix}/com'
sysconfdir='${prefix}/etc'
target_alias=''

## ----------- ##
## confdefs.h. ##
## ----------- ##

/* confdefs.h */
#define PACKAGE_NAME "Cpp-testing"
#define PACKAGE_TARNAME "cpp-testing"
#define PACKAGE_VERSION "1"
#define PACKAGE_STRING "Cpp-testing 1"
#define PACKAGE_BUGREPORT "callem217@gmail.com"
#define PACKAGE_URL ""
#define PACKAGE "cpp-testing"
#define VERSION "1"

configure: exit 0
